#
# A fatal error has been detected by the Java Runtime Environment:
#
#  SIGSEGV (0xb) at pc=0x00000001244125dd, pid=688, tid=1811
#
# JRE version: Java(TM) SE Runtime Environment (8.0_51-b16) (build 1.8.0_51-b16)
# Java VM: Java HotSpot(TM) 64-Bit Server VM (25.51-b03 mixed mode bsd-amd64 compressed oops)
# Problematic frame:
# C  [libglass.dylib+0x155dd]  GlassScreenDidChangeScreenParameters+0x9d
#
# Failed to write core dump. Core dumps have been disabled. To enable core dumping, try "ulimit -c unlimited" before starting Java again
#
# If you would like to submit a bug report, please visit:
#   http://bugreport.java.com/bugreport/crash.jsp
#

---------------  T H R E A D  ---------------

Current thread is native thread

siginfo: si_signo: 11 (SIGSEGV), si_code: 1 (SEGV_MAPERR), si_addr: 0x0000000000000000

Registers:
RAX=0x0000000124444bc0, RBX=0x0000000000000000, RCX=0x830064d27a825824, RDX=0x00007fd5436b07b8
RSP=0x00007fff55ec21f0, RBP=0x00007fff55ec2200, RSI=0x00007fd540f13650, RDI=0x0000000000000000
R8 =0x00007fff55ec20a0, R9 =0x00007fff78871300, R10=0x0000000000000000, R11=0x0000000000000246
R12=0x00007fd540d0b800, R13=0x00000000000f426a, R14=0x00007fd540f84f30, R15=0x00007fff55ec2340
RIP=0x00000001244125dd, EFLAGS=0x0000000000010206, ERR=0x0000000000000004
  TRAPNO=0x000000000000000e

Top of Stack: (sp=0x00007fff55ec21f0)
0x00007fff55ec21f0:   00007fff55ec23d0 00007fd540f84f30
0x00007fff55ec2200:   00007fff55ec2210 00007fff88a1045c
0x00007fff55ec2210:   00007fff55ec2570 00007fff88900634
0x00007fff55ec2220:   00007fff55ec2270 0000000000000000
0x00007fff55ec2230:   00007fff776d5ed0 00007fd5468155a0
0x00007fff55ec2240:   0000000000001000 0000000000001398
0x00007fff55ec2250:   00007fd5468155a0 00007fd540f84f30
0x00007fff55ec2260:   0000000000000000 00007fff55ec2340
0x00007fff55ec2270:   0000000000000000 00007fd540f84ef0
0x00007fff55ec2280:   00007fff55ec23c0 00000000000000d1
0x00007fff55ec2290:   00000000000f45be 00007fd540c7a990
0x00007fff55ec22a0:   00007fd540d28900 00007fd540d0b800
0x00007fff55ec22b0:   0000000000000001 00000000000f426a
0x00007fff55ec22c0:   00007fd540d0b7f0 00007fff88737b90
0x00007fff55ec22d0:   0000000000000001 0000000000000001
0x00007fff55ec22e0:   0000000000000030 0000000000000001
0x00007fff55ec22f0:   00007fff55ec2310 00007fff88738546
0x00007fff55ec2300:   00007fff776d3fb0 0000000000000000
0x00007fff55ec2310:   00007fff55ec2330 000000000000002c
0x00007fff55ec2320:   00232503463fe200 00007fd540d0b824
0x00007fff55ec2330:   0000000000000000 00007fff888f610f
0x00007fff55ec2340:   00007fd540f84f30 00007fff776d3fb0
0x00007fff55ec2350:   00007fff55ec23d0 00007fff888fec3f
0x00007fff55ec2360:   00007fff55ec23c0 00007fff954715e5
0x00007fff55ec2370:   0000000109d59a00 0000000000000002
0x00007fff55ec2380:   0000000109d56000 00007fd540c6d802
0x00007fff55ec2390:   0000000000000003 0000000109d59a00
0x00007fff55ec23a0:   00007fff55ec2490 00007fff88734b36
0x00007fff55ec23b0:   00007fd540e1a0c0 00007fff55ec2578
0x00007fff55ec23c0:   0000000000000017 0000000000000000
0x00007fff55ec23d0:   00000000000f426a 00007fff888f6403
0x00007fff55ec23e0:   00007fff00000000 00007fd540f69510 

Instructions: (pc=0x00000001244125dd)
0x00000001244125bd:   89 df 4c 89 f1 41 ff 90 68 04 00 00 48 8d 05 f8
0x00000001244125cd:   24 03 00 48 8b 30 48 8d 05 e6 25 03 00 48 8b 10
0x00000001244125dd:   48 8b 0b 30 c0 48 89 df ff 91 68 04 00 00 48 8b
0x00000001244125ed:   03 48 89 df ff 50 78 48 85 c0 74 36 49 89 c6 48 

Register to memory mapping:

RAX=0x0000000124444bc0: jScreenNotifySettingsChanged+0 in /Library/Java/JavaVirtualMachines/jdk1.8.0_51.jdk/Contents/Home/jre/lib/libglass.dylib at 0x00000001243fd000
RBX=0x0000000000000000 is an unknown value
RCX=0x830064d27a825824 is an unknown value
RDX=0x00007fd5436b07b8 is an unknown value
RSP=0x00007fff55ec21f0 is an unknown value
RBP=0x00007fff55ec2200 is an unknown value
RSI=0x00007fd540f13650 is a global jni handle
RDI=0x0000000000000000 is an unknown value
R8 =0x00007fff55ec20a0 is an unknown value
R9 =0x00007fff78871300: _thread+0 in /usr/lib/system/libsystem_pthread.dylib at 0x00007fff8fe6b000
R10=0x0000000000000000 is an unknown value
R11=0x0000000000000246 is an unknown value
R12=0x00007fd540d0b800 is an unknown value
R13=0x00000000000f426a is an unknown value
R14=0x00007fd540f84f30 is an unknown value
R15=0x00007fff55ec2340 is an unknown value


Stack: [0x00007fff556c5000,0x00007fff55ec5000],  sp=0x00007fff55ec21f0,  free space=8180k
Native frames: (J=compiled Java code, j=interpreted, Vv=VM code, C=native code)
C  [libglass.dylib+0x155dd]  GlassScreenDidChangeScreenParameters+0x9d
C  [CoreFoundation+0x12045c]  __CFNOTIFICATIONCENTER_IS_CALLING_OUT_TO_AN_OBSERVER__+0xc
C  [CoreFoundation+0x10634]  _CFXNotificationPost+0xc44
C  [Foundation+0x7aa1]  -[NSNotificationCenter postNotificationName:object:userInfo:]+0x42
C  [AppKit+0x40de7e]  -[NSApplication _reactToScreenInvalidationImmediately:]+0x17b
C  [AppKit+0x40dcc7]  __44-[NSApplication _reactToScreenInvalidation:]_block_invoke+0x4b
C  [CoreFoundation+0x808ec]  __CFRUNLOOP_IS_CALLING_OUT_TO_A_BLOCK__+0xc
C  [CoreFoundation+0x729f5]  __CFRunLoopDoBlocks+0x155
C  [CoreFoundation+0x72536]  __CFRunLoopRun+0x716
C  [CoreFoundation+0x71bd8]  CFRunLoopRunSpecific+0x128
C  [java+0x6463]  CreateExecutionEnvironment+0x367
C  [java+0x21ac]  JLI_Launch+0x7a0
C  [java+0x84c0]  main+0x65
C  [java+0x1a04]  start+0x34


---------------  P R O C E S S  ---------------

VM state:at safepoint (normal execution)

VM Mutex/Monitor currently owned by a thread:  ([mutex/lock_event])
[0x00007fd540f03150] Threads_lock - owner thread: 0x00007fd54280c800
[0x00007fd540f03650] Heap_lock - owner thread: 0x00007fd54180a800

Heap:
 PSYoungGen      total 38400K, used 17031K [0x0000000795580000, 0x0000000798000000, 0x00000007c0000000)
  eden space 33280K, 41% used [0x0000000795580000,0x0000000796309d90,0x0000000797600000)
  from space 5120K, 61% used [0x0000000797600000,0x0000000797918010,0x0000000797b00000)
  to   space 5120K, 0% used [0x0000000797b00000,0x0000000797b00000,0x0000000798000000)
 ParOldGen       total 43008K, used 6837K [0x0000000740000000, 0x0000000742a00000, 0x0000000795580000)
  object space 43008K, 15% used [0x0000000740000000,0x00000007406ad5f8,0x0000000742a00000)
 Metaspace       used 24313K, capacity 25948K, committed 26112K, reserved 1071104K
  class space    used 3459K, capacity 3775K, committed 3840K, reserved 1048576K

Card table byte_map: [0x000000011ab29000,0x000000011af2a000] byte_map_base: 0x0000000117129000

Marking Bits: (ParMarkBitMap*) 0x000000010b0c27a0
 Begin Bits: [0x000000011b5e1000, 0x000000011d5e1000)
 End Bits:   [0x000000011d5e1000, 0x000000011f5e1000)

Polling page: 0x0000000109f97000

CodeCache: size=245760Kb used=13260Kb max_used=13925Kb free=232499Kb
 bounds [0x000000010b769000, 0x000000010c539000, 0x000000011a769000]
 total_blobs=4842 nmethods=4133 adapters=620
 compilation: enabled

Compilation events (10 events):
Event: 154.493 Thread 0x00007fd542032000 nmethod 4598 0x000000010b9f2650 code [0x000000010b9f27a0, 0x000000010b9f2898]
Event: 154.509 Thread 0x00007fd541030000 4599   !   4       javafx.scene.Node::impl_intersectsBounds (1005 bytes)
Event: 154.555 Thread 0x00007fd541030000 nmethod 4599 0x000000010be50150 code [0x000000010be50540, 0x000000010be526e0]
Event: 154.559 Thread 0x00007fd541030800 4600       1       com.sun.javafx.event.CompositeEventHandler$NormalEventHandlerRecord::handleCapturingEvent (1 bytes)
Event: 154.559 Thread 0x00007fd541030800 nmethod 4600 0x000000010c0b6610 code [0x000000010c0b6760, 0x000000010c0b6870]
Event: 549.588 Thread 0x00007fd541030800 4601       3       java.util.ArrayList::remove (69 bytes)
Event: 549.589 Thread 0x00007fd541030800 nmethod 4601 0x000000010bcc4790 code [0x000000010bcc4960, 0x000000010bcc4fe8]
Event: 549.593 Thread 0x00007fd541030800 4602       3       sun.reflect.NativeConstructorAccessorImpl::newInstance (89 bytes)
Event: 549.594 Thread 0x00007fd541030800 nmethod 4602 0x000000010b903ad0 code [0x000000010b903d40, 0x000000010b905098]
Event: 549.595 Thread 0x00007fd541030800 4604   !   3       java.util.logging.LogManager::ensureLogManagerInitialized (128 bytes)

GC Heap History (8 events):
Event: 1.230 GC heap before
{Heap before GC invocations=1 (full 0):
 PSYoungGen      total 38400K, used 33280K [0x0000000795580000, 0x0000000798000000, 0x00000007c0000000)
  eden space 33280K, 100% used [0x0000000795580000,0x0000000797600000,0x0000000797600000)
  from space 5120K, 0% used [0x0000000797b00000,0x0000000797b00000,0x0000000798000000)
  to   space 5120K, 0% used [0x0000000797600000,0x0000000797600000,0x0000000797b00000)
 ParOldGen       total 87552K, used 0K [0x0000000740000000, 0x0000000745580000, 0x0000000795580000)
  object space 87552K, 0% used [0x0000000740000000,0x0000000740000000,0x0000000745580000)
 Metaspace       used 17260K, capacity 17940K, committed 18048K, reserved 1064960K
  class space    used 2489K, capacity 2673K, committed 2688K, reserved 1048576K
Event: 1.237 GC heap after
Heap after GC invocations=1 (full 0):
 PSYoungGen      total 38400K, used 5014K [0x0000000795580000, 0x0000000798000000, 0x00000007c0000000)
  eden space 33280K, 0% used [0x0000000795580000,0x0000000795580000,0x0000000797600000)
  from space 5120K, 97% used [0x0000000797600000,0x0000000797ae58c0,0x0000000797b00000)
  to   space 5120K, 0% used [0x0000000797b00000,0x0000000797b00000,0x0000000798000000)
 ParOldGen       total 87552K, used 80K [0x0000000740000000, 0x0000000745580000, 0x0000000795580000)
  object space 87552K, 0% used [0x0000000740000000,0x0000000740014010,0x0000000745580000)
 Metaspace       used 17260K, capacity 17940K, committed 18048K, reserved 1064960K
  class space    used 2489K, capacity 2673K, committed 2688K, reserved 1048576K
}
Event: 9.725 GC heap before
{Heap before GC invocations=2 (full 0):
 PSYoungGen      total 38400K, used 18895K [0x0000000795580000, 0x0000000798000000, 0x00000007c0000000)
  eden space 33280K, 41% used [0x0000000795580000,0x000000079630e418,0x0000000797600000)
  from space 5120K, 97% used [0x0000000797600000,0x0000000797ae58c0,0x0000000797b00000)
  to   space 5120K, 0% used [0x0000000797b00000,0x0000000797b00000,0x0000000798000000)
 ParOldGen       total 87552K, used 80K [0x0000000740000000, 0x0000000745580000, 0x0000000795580000)
  object space 87552K, 0% used [0x0000000740000000,0x0000000740014010,0x0000000745580000)
 Metaspace       used 20234K, capacity 21142K, committed 21296K, reserved 1067008K
  class space    used 3012K, capacity 3218K, committed 3328K, reserved 1048576K
Event: 9.733 GC heap after
Heap after GC invocations=2 (full 0):
 PSYoungGen      total 38400K, used 5088K [0x0000000795580000, 0x0000000798000000, 0x00000007c0000000)
  eden space 33280K, 0% used [0x0000000795580000,0x0000000795580000,0x0000000797600000)
  from space 5120K, 99% used [0x0000000797b00000,0x0000000797ff8040,0x0000000798000000)
  to   space 5120K, 0% used [0x0000000797600000,0x0000000797600000,0x0000000797b00000)
 ParOldGen       total 87552K, used 2153K [0x0000000740000000, 0x0000000745580000, 0x0000000795580000)
  object space 87552K, 2% used [0x0000000740000000,0x000000074021a438,0x0000000745580000)
 Metaspace       used 20234K, capacity 21142K, committed 21296K, reserved 1067008K
  class space    used 3012K, capacity 3218K, committed 3328K, reserved 1048576K
}
Event: 9.733 GC heap before
{Heap before GC invocations=3 (full 1):
 PSYoungGen      total 38400K, used 5088K [0x0000000795580000, 0x0000000798000000, 0x00000007c0000000)
  eden space 33280K, 0% used [0x0000000795580000,0x0000000795580000,0x0000000797600000)
  from space 5120K, 99% used [0x0000000797b00000,0x0000000797ff8040,0x0000000798000000)
  to   space 5120K, 0% used [0x0000000797600000,0x0000000797600000,0x0000000797b00000)
 ParOldGen       total 87552K, used 2153K [0x0000000740000000, 0x0000000745580000, 0x0000000795580000)
  object space 87552K, 2% used [0x0000000740000000,0x000000074021a438,0x0000000745580000)
 Metaspace       used 20234K, capacity 21142K, committed 21296K, reserved 1067008K
  class space    used 3012K, capacity 3218K, committed 3328K, reserved 1048576K
Event: 9.765 GC heap after
Heap after GC invocations=3 (full 1):
 PSYoungGen      total 38400K, used 0K [0x0000000795580000, 0x0000000798000000, 0x00000007c0000000)
  eden space 33280K, 0% used [0x0000000795580000,0x0000000795580000,0x0000000797600000)
  from space 5120K, 0% used [0x0000000797b00000,0x0000000797b00000,0x0000000798000000)
  to   space 5120K, 0% used [0x0000000797600000,0x0000000797600000,0x0000000797b00000)
 ParOldGen       total 43008K, used 6829K [0x0000000740000000, 0x0000000742a00000, 0x0000000795580000)
  object space 43008K, 15% used [0x0000000740000000,0x00000007406ab5f8,0x0000000742a00000)
 Metaspace       used 20234K, capacity 21142K, committed 21296K, reserved 1067008K
  class space    used 3012K, capacity 3218K, committed 3328K, reserved 1048576K
}
Event: 105.852 GC heap before
{Heap before GC invocations=4 (full 1):
 PSYoungGen      total 38400K, used 33280K [0x0000000795580000, 0x0000000798000000, 0x00000007c0000000)
  eden space 33280K, 100% used [0x0000000795580000,0x0000000797600000,0x0000000797600000)
  from space 5120K, 0% used [0x0000000797b00000,0x0000000797b00000,0x0000000798000000)
  to   space 5120K, 0% used [0x0000000797600000,0x0000000797600000,0x0000000797b00000)
 ParOldGen       total 43008K, used 6829K [0x0000000740000000, 0x0000000742a00000, 0x0000000795580000)
  object space 43008K, 15% used [0x0000000740000000,0x00000007406ab5f8,0x0000000742a00000)
 Metaspace       used 23027K, capacity 24656K, committed 24704K, reserved 1071104K
  class space    used 3337K, capacity 3665K, committed 3712K, reserved 1048576K
Event: 105.857 GC heap after
Heap after GC invocations=4 (full 1):
 PSYoungGen      total 38400K, used 3168K [0x0000000795580000, 0x0000000798000000, 0x00000007c0000000)
  eden space 33280K, 0% used [0x0000000795580000,0x0000000795580000,0x0000000797600000)
  from space 5120K, 61% used [0x0000000797600000,0x0000000797918010,0x0000000797b00000)
  to   space 5120K, 0% used [0x0000000797b00000,0x0000000797b00000,0x0000000798000000)
 ParOldGen       total 43008K, used 6837K [0x0000000740000000, 0x0000000742a00000, 0x0000000795580000)
  object space 43008K, 15% used [0x0000000740000000,0x00000007406ad5f8,0x0000000742a00000)
 Metaspace       used 23027K, capacity 24656K, committed 24704K, reserved 1071104K
  class space    used 3337K, capacity 3665K, committed 3712K, reserved 1048576K
}

Deoptimization events (10 events):
Event: 121.679 Thread 0x00007fd542155000 Uncommon trap: reason=bimorphic action=maybe_recompile pc=0x000000010c33cb00 method=com.sun.javafx.event.CompositeEventHandler.dispatchCapturingEvent(Ljavafx/event/Event;)V @ 12
Event: 123.075 Thread 0x00007fd542155000 Uncommon trap: reason=bimorphic action=maybe_recompile pc=0x000000010c33cb00 method=com.sun.javafx.event.CompositeEventHandler.dispatchCapturingEvent(Ljavafx/event/Event;)V @ 12
Event: 123.297 Thread 0x00007fd542155000 Uncommon trap: reason=bimorphic action=maybe_recompile pc=0x000000010c31b4c8 method=com.sun.javafx.event.CompositeEventHandler.dispatchCapturingEvent(Ljavafx/event/Event;)V @ 12
Event: 127.755 Thread 0x00007fd542155000 Uncommon trap: reason=unstable_if action=reinterpret pc=0x000000010c27fbf8 method=com.sun.javafx.css.StyleManager$CacheContainer.getStyleMap(I)Lcom/sun/javafx/css/StyleMap; @ 22
Event: 127.762 Thread 0x00007fd542155000 Uncommon trap: reason=class_check action=maybe_recompile pc=0x000000010c131098 method=java.util.WeakHashMap.eq(Ljava/lang/Object;Ljava/lang/Object;)Z @ 7
Event: 128.996 Thread 0x00007fd542155000 Uncommon trap: reason=unstable_if action=reinterpret pc=0x000000010bd0d0b8 method=java.util.concurrent.ConcurrentHashMap.putVal(Ljava/lang/Object;Ljava/lang/Object;Z)Ljava/lang/Object; @ 181
Event: 129.002 Thread 0x00007fd542155000 Uncommon trap: reason=class_check action=maybe_recompile pc=0x000000010baf332c method=java.util.HashMap.putVal(ILjava/lang/Object;Ljava/lang/Object;ZZ)Ljava/lang/Object; @ 253
Event: 131.349 Thread 0x00007fd542155000 Uncommon trap: reason=class_check action=maybe_recompile pc=0x000000010c131098 method=java.util.WeakHashMap.eq(Ljava/lang/Object;Ljava/lang/Object;)Z @ 7
Event: 144.103 Thread 0x00007fd542155000 Uncommon trap: reason=class_check action=maybe_recompile pc=0x000000010baee634 method=java.util.HashMap.putVal(ILjava/lang/Object;Ljava/lang/Object;ZZ)Ljava/lang/Object; @ 253
Event: 145.569 Thread 0x00007fd542155000 Uncommon trap: reason=null_check action=make_not_entrant pc=0x000000010c44cdb0 method=javafx.scene.Node$MiscProperties.getClip()Ljavafx/scene/Node; @ 20

Internal exceptions (10 events):
Event: 97.044 Thread 0x00007fd542852000 Implicit null exception at 0x000000010c00fb50 to 0x000000010c00fb85
Event: 97.044 Thread 0x00007fd542852000 Implicit null exception at 0x000000010c0b0059 to 0x000000010c0b201a
Event: 97.055 Thread 0x00007fd542852000 Implicit null exception at 0x000000010c0bd347 to 0x000000010c0bddbd
Event: 97.061 Thread 0x00007fd542852000 Implicit null exception at 0x000000010c1d5660 to 0x000000010c1d699d
Event: 105.996 Thread 0x00007fd542852000 Implicit null exception at 0x000000010c02134c to 0x000000010c021599
Event: 112.321 Thread 0x00007fd542155000 Implicit null exception at 0x000000010c3aca14 to 0x000000010c3ad80d
Event: 114.639 Thread 0x00007fd542155000 Implicit null exception at 0x000000010c083a8b to 0x000000010c083ae9
Event: 128.996 Thread 0x00007fd542155000 Exception <a 'java/lang/ClassNotFoundException': com/sun/org/glassfish/hk2/osgiresourcelocator/ServiceLoader> (0x0000000796001cc0) thrown at [/Users/java_re/workspace/8-2-build-macosx-x86_64/jdk8u51/3951/hotspot/src/share/vm/classfile/systemDictionary.cpp
Event: 144.096 Thread 0x00007fd542155000 Exception <a 'java/lang/ClassNotFoundException': com/sun/org/glassfish/hk2/osgiresourcelocator/ServiceLoader> (0x00000007961536d0) thrown at [/Users/java_re/workspace/8-2-build-macosx-x86_64/jdk8u51/3951/hotspot/src/share/vm/classfile/systemDictionary.cpp
Event: 145.569 Thread 0x00007fd542155000 Implicit null exception at 0x000000010c44b5d7 to 0x000000010c44cd7d

Events (10 events):
Event: 549.594 Thread 0x00007fd54180a800 Thread added: 0x00007fd54180a800
Event: 549.594 loading class java/util/IdentityHashMap$KeyIterator
Event: 549.595 loading class java/util/IdentityHashMap$IdentityHashMapIterator
Event: 549.595 loading class java/util/IdentityHashMap$IdentityHashMapIterator done
Event: 549.595 loading class java/util/IdentityHashMap$KeyIterator done
Event: 549.595 Thread 0x00007fd545c20000 Thread added: 0x00007fd545c20000
Event: 549.595 Thread 0x00007fd545e20000 Thread added: 0x00007fd545e20000
Event: 549.595 Thread 0x00007fd545c20000 Thread exited: 0x00007fd545c20000
Event: 549.595 Thread 0x00007fd545e20000 Thread exited: 0x00007fd545e20000
Event: 549.596 Thread 0x00007fd54180a800 Thread exited: 0x00007fd54180a800


Dynamic libraries:
0x0000000007420000 	/System/Library/Frameworks/Cocoa.framework/Versions/A/Cocoa
0x0000000007420000 	/System/Library/Frameworks/Security.framework/Versions/A/Security
0x0000000007420000 	/System/Library/Frameworks/ApplicationServices.framework/Versions/A/ApplicationServices
0x0000000007420000 	/usr/lib/libz.1.dylib
0x0000000007420000 	/usr/lib/libSystem.B.dylib
0x0000000007420000 	/usr/lib/libobjc.A.dylib
0x0000000007420000 	/System/Library/Frameworks/CoreFoundation.framework/Versions/A/CoreFoundation
0x0000000007420000 	/System/Library/Frameworks/Foundation.framework/Versions/C/Foundation
0x0000000007420000 	/System/Library/Frameworks/AppKit.framework/Versions/C/AppKit
0x0000000007420000 	/System/Library/Frameworks/CoreData.framework/Versions/A/CoreData
0x0000000007420000 	/System/Library/PrivateFrameworks/RemoteViewServices.framework/Versions/A/RemoteViewServices
0x0000000007420000 	/System/Library/PrivateFrameworks/UIFoundation.framework/Versions/A/UIFoundation
0x0000000007420000 	/System/Library/Frameworks/IOSurface.framework/Versions/A/IOSurface
0x0000000007420000 	/System/Library/Frameworks/AudioToolbox.framework/Versions/A/AudioToolbox
0x0000000007420000 	/System/Library/Frameworks/AudioUnit.framework/Versions/A/AudioUnit
0x0000000007420000 	/System/Library/PrivateFrameworks/DataDetectorsCore.framework/Versions/A/DataDetectorsCore
0x0000000007420000 	/System/Library/PrivateFrameworks/DesktopServicesPriv.framework/Versions/A/DesktopServicesPriv
0x0000000007420000 	/System/Library/Frameworks/Carbon.framework/Versions/A/Frameworks/HIToolbox.framework/Versions/A/HIToolbox
0x0000000007420000 	/System/Library/Frameworks/QuartzCore.framework/Versions/A/QuartzCore
0x0000000007420000 	/System/Library/Frameworks/Carbon.framework/Versions/A/Frameworks/SpeechRecognition.framework/Versions/A/SpeechRecognition
0x0000000007420000 	/usr/lib/libauto.dylib
0x0000000007420000 	/usr/lib/libicucore.A.dylib
0x0000000007420000 	/usr/lib/libxml2.2.dylib
0x0000000007420000 	/System/Library/PrivateFrameworks/CoreUI.framework/Versions/A/CoreUI
0x0000000007420000 	/System/Library/Frameworks/CoreAudio.framework/Versions/A/CoreAudio
0x0000000007420000 	/System/Library/Frameworks/DiskArbitration.framework/Versions/A/DiskArbitration
0x0000000007420000 	/usr/lib/liblangid.dylib
0x0000000007420000 	/System/Library/PrivateFrameworks/MultitouchSupport.framework/Versions/A/MultitouchSupport
0x0000000007420000 	/System/Library/Frameworks/IOKit.framework/Versions/A/IOKit
0x0000000007420000 	/usr/lib/libDiagnosticMessagesClient.dylib
0x0000000007420000 	/System/Library/Frameworks/CoreServices.framework/Versions/A/CoreServices
0x0000000007420000 	/System/Library/PrivateFrameworks/PerformanceAnalysis.framework/Versions/A/PerformanceAnalysis
0x0000000007420000 	/System/Library/PrivateFrameworks/GenerationalStorage.framework/Versions/A/GenerationalStorage
0x0000000007420000 	/System/Library/Frameworks/OpenGL.framework/Versions/A/OpenGL
0x0000000007420000 	/System/Library/PrivateFrameworks/Sharing.framework/Versions/A/Sharing
0x0000000007420000 	/System/Library/Frameworks/CoreGraphics.framework/Versions/A/CoreGraphics
0x0000000007420000 	/System/Library/Frameworks/CoreText.framework/Versions/A/CoreText
0x0000000007420000 	/System/Library/Frameworks/ImageIO.framework/Versions/A/ImageIO
0x0000000007420000 	/usr/lib/libextension.dylib
0x0000000007420000 	/System/Library/PrivateFrameworks/Backup.framework/Versions/A/Backup
0x0000000007420000 	/usr/lib/libarchive.2.dylib
0x0000000007420000 	/System/Library/Frameworks/CFNetwork.framework/Versions/A/CFNetwork
0x0000000007420000 	/System/Library/Frameworks/SystemConfiguration.framework/Versions/A/SystemConfiguration
0x0000000007420000 	/usr/lib/libCRFSuite.dylib
0x0000000007420000 	/usr/lib/libc++.1.dylib
0x0000000007420000 	/usr/lib/libc++abi.dylib
0x0000000007420000 	/usr/lib/system/libcache.dylib
0x0000000007420000 	/usr/lib/system/libcommonCrypto.dylib
0x0000000007420000 	/usr/lib/system/libcompiler_rt.dylib
0x0000000007420000 	/usr/lib/system/libcopyfile.dylib
0x0000000007420000 	/usr/lib/system/libcorecrypto.dylib
0x0000000007420000 	/usr/lib/system/libdispatch.dylib
0x0000000007420000 	/usr/lib/system/libdyld.dylib
0x0000000007420000 	/usr/lib/system/libkeymgr.dylib
0x0000000007420000 	/usr/lib/system/liblaunch.dylib
0x0000000007420000 	/usr/lib/system/libmacho.dylib
0x0000000007420000 	/usr/lib/system/libquarantine.dylib
0x0000000007420000 	/usr/lib/system/libremovefile.dylib
0x0000000007420000 	/usr/lib/system/libsystem_asl.dylib
0x0000000007420000 	/usr/lib/system/libsystem_blocks.dylib
0x0000000007420000 	/usr/lib/system/libsystem_c.dylib
0x0000000007420000 	/usr/lib/system/libsystem_configuration.dylib
0x0000000007420000 	/usr/lib/system/libsystem_coreservices.dylib
0x0000000007420000 	/usr/lib/system/libsystem_coretls.dylib
0x0000000007420000 	/usr/lib/system/libsystem_dnssd.dylib
0x0000000007420000 	/usr/lib/system/libsystem_info.dylib
0x0000000007420000 	/usr/lib/system/libsystem_kernel.dylib
0x0000000007420000 	/usr/lib/system/libsystem_m.dylib
0x0000000007420000 	/usr/lib/system/libsystem_malloc.dylib
0x0000000007420000 	/usr/lib/system/libsystem_network.dylib
0x0000000007420000 	/usr/lib/system/libsystem_networkextension.dylib
0x0000000007420000 	/usr/lib/system/libsystem_notify.dylib
0x0000000007420000 	/usr/lib/system/libsystem_platform.dylib
0x0000000007420000 	/usr/lib/system/libsystem_pthread.dylib
0x0000000007420000 	/usr/lib/system/libsystem_sandbox.dylib
0x0000000007420000 	/usr/lib/system/libsystem_secinit.dylib
0x0000000007420000 	/usr/lib/system/libsystem_stats.dylib
0x0000000007420000 	/usr/lib/system/libsystem_trace.dylib
0x0000000007420000 	/usr/lib/system/libunc.dylib
0x0000000007420000 	/usr/lib/system/libunwind.dylib
0x0000000007420000 	/usr/lib/system/libxpc.dylib
0x0000000007420000 	/usr/lib/libbz2.1.0.dylib
0x0000000007420000 	/usr/lib/liblzma.5.dylib
0x0000000007420000 	/usr/lib/libbsm.0.dylib
0x0000000007420000 	/usr/lib/libsqlite3.dylib
0x0000000007420000 	/usr/lib/system/libkxld.dylib
0x0000000007420000 	/usr/lib/libxar.1.dylib
0x0000000007420000 	/usr/lib/libpam.2.dylib
0x0000000007420000 	/usr/lib/libOpenScriptingUtil.dylib
0x0000000007420000 	/System/Library/Frameworks/CoreServices.framework/Versions/A/Frameworks/FSEvents.framework/Versions/A/FSEvents
0x0000000007420000 	/System/Library/Frameworks/CoreServices.framework/Versions/A/Frameworks/CarbonCore.framework/Versions/A/CarbonCore
0x0000000007420000 	/System/Library/Frameworks/CoreServices.framework/Versions/A/Frameworks/Metadata.framework/Versions/A/Metadata
0x0000000007420000 	/System/Library/Frameworks/CoreServices.framework/Versions/A/Frameworks/OSServices.framework/Versions/A/OSServices
0x0000000007420000 	/System/Library/Frameworks/CoreServices.framework/Versions/A/Frameworks/SearchKit.framework/Versions/A/SearchKit
0x0000000007420000 	/System/Library/Frameworks/CoreServices.framework/Versions/A/Frameworks/AE.framework/Versions/A/AE
0x0000000007420000 	/System/Library/Frameworks/CoreServices.framework/Versions/A/Frameworks/LaunchServices.framework/Versions/A/LaunchServices
0x0000000007420000 	/System/Library/Frameworks/CoreServices.framework/Versions/A/Frameworks/DictionaryServices.framework/Versions/A/DictionaryServices
0x0000000007420000 	/System/Library/Frameworks/NetFS.framework/Versions/A/NetFS
0x0000000007420000 	/System/Library/PrivateFrameworks/NetAuth.framework/Versions/A/NetAuth
0x0000000007420000 	/System/Library/PrivateFrameworks/login.framework/Versions/A/Frameworks/loginsupport.framework/Versions/A/loginsupport
0x0000000007420000 	/System/Library/PrivateFrameworks/TCC.framework/Versions/A/TCC
0x0000000007420000 	/usr/lib/libmecabra.dylib
0x0000000007420000 	/System/Library/Frameworks/ApplicationServices.framework/Versions/A/Frameworks/ATS.framework/Versions/A/ATS
0x0000000007420000 	/System/Library/Frameworks/ApplicationServices.framework/Versions/A/Frameworks/ColorSync.framework/Versions/A/ColorSync
0x0000000007420000 	/System/Library/Frameworks/ApplicationServices.framework/Versions/A/Frameworks/HIServices.framework/Versions/A/HIServices
0x0000000007420000 	/System/Library/Frameworks/ApplicationServices.framework/Versions/A/Frameworks/LangAnalysis.framework/Versions/A/LangAnalysis
0x0000000007420000 	/System/Library/Frameworks/ApplicationServices.framework/Versions/A/Frameworks/PrintCore.framework/Versions/A/PrintCore
0x0000000007420000 	/System/Library/Frameworks/ApplicationServices.framework/Versions/A/Frameworks/QD.framework/Versions/A/QD
0x0000000007420000 	/System/Library/Frameworks/ApplicationServices.framework/Versions/A/Frameworks/SpeechSynthesis.framework/Versions/A/SpeechSynthesis
0x0000000007420000 	/System/Library/Frameworks/Accelerate.framework/Versions/A/Accelerate
0x0000000007420000 	/System/Library/Frameworks/Accelerate.framework/Versions/A/Frameworks/vImage.framework/Versions/A/vImage
0x0000000007420000 	/System/Library/Frameworks/Accelerate.framework/Versions/A/Frameworks/vecLib.framework/Versions/A/vecLib
0x0000000007420000 	/System/Library/Frameworks/Accelerate.framework/Versions/A/Frameworks/vecLib.framework/Versions/A/libvDSP.dylib
0x0000000007420000 	/System/Library/Frameworks/Accelerate.framework/Versions/A/Frameworks/vecLib.framework/Versions/A/libvMisc.dylib
0x0000000007420000 	/System/Library/Frameworks/Accelerate.framework/Versions/A/Frameworks/vecLib.framework/Versions/A/libLAPACK.dylib
0x0000000007420000 	/System/Library/Frameworks/Accelerate.framework/Versions/A/Frameworks/vecLib.framework/Versions/A/libBLAS.dylib
0x0000000007420000 	/System/Library/Frameworks/Accelerate.framework/Versions/A/Frameworks/vecLib.framework/Versions/A/libLinearAlgebra.dylib
0x0000000007420000 	/System/Library/Frameworks/ApplicationServices.framework/Versions/A/Frameworks/ATS.framework/Versions/A/Resources/libFontParser.dylib
0x0000000007420000 	/System/Library/Frameworks/ApplicationServices.framework/Versions/A/Frameworks/ATS.framework/Versions/A/Resources/libFontRegistry.dylib
0x0000000007420000 	/System/Library/PrivateFrameworks/AppleVPA.framework/Versions/A/AppleVPA
0x0000000007420000 	/System/Library/PrivateFrameworks/AppleJPEG.framework/Versions/A/AppleJPEG
0x0000000007420000 	/System/Library/Frameworks/ImageIO.framework/Versions/A/Resources/libJPEG.dylib
0x0000000007420000 	/System/Library/Frameworks/ImageIO.framework/Versions/A/Resources/libTIFF.dylib
0x0000000007420000 	/System/Library/Frameworks/ImageIO.framework/Versions/A/Resources/libPng.dylib
0x0000000007420000 	/System/Library/Frameworks/ImageIO.framework/Versions/A/Resources/libGIF.dylib
0x0000000007420000 	/System/Library/Frameworks/ImageIO.framework/Versions/A/Resources/libJP2.dylib
0x0000000007420000 	/System/Library/Frameworks/ImageIO.framework/Versions/A/Resources/libRadiance.dylib
0x0000000007420000 	/System/Library/Frameworks/CoreVideo.framework/Versions/A/CoreVideo
0x0000000007420000 	/System/Library/Frameworks/OpenGL.framework/Versions/A/Libraries/libGLU.dylib
0x0000000007420000 	/System/Library/Frameworks/OpenGL.framework/Versions/A/Libraries/libGFXShared.dylib
0x0000000007420000 	/System/Library/Frameworks/OpenGL.framework/Versions/A/Libraries/libGL.dylib
0x0000000007420000 	/System/Library/Frameworks/OpenGL.framework/Versions/A/Libraries/libGLImage.dylib
0x0000000007420000 	/System/Library/Frameworks/OpenGL.framework/Versions/A/Libraries/libCVMSPluginSupport.dylib
0x0000000007420000 	/System/Library/Frameworks/OpenGL.framework/Versions/A/Libraries/libCoreVMClient.dylib
0x0000000007420000 	/usr/lib/libcups.2.dylib
0x0000000007420000 	/System/Library/Frameworks/Kerberos.framework/Versions/A/Kerberos
0x0000000007420000 	/System/Library/Frameworks/GSS.framework/Versions/A/GSS
0x0000000007420000 	/usr/lib/libresolv.9.dylib
0x0000000007420000 	/usr/lib/libiconv.2.dylib
0x0000000007420000 	/System/Library/PrivateFrameworks/Heimdal.framework/Versions/A/Heimdal
0x0000000007420000 	/usr/lib/libheimdal-asn1.dylib
0x0000000007420000 	/System/Library/Frameworks/OpenDirectory.framework/Versions/A/OpenDirectory
0x0000000007420000 	/System/Library/PrivateFrameworks/CommonAuth.framework/Versions/A/CommonAuth
0x0000000007420000 	/System/Library/Frameworks/OpenDirectory.framework/Versions/A/Frameworks/CFOpenDirectory.framework/Versions/A/CFOpenDirectory
0x0000000007420000 	/System/Library/Frameworks/SecurityFoundation.framework/Versions/A/SecurityFoundation
0x0000000007420000 	/System/Library/PrivateFrameworks/LanguageModeling.framework/Versions/A/LanguageModeling
0x0000000007420000 	/usr/lib/libcmph.dylib
0x0000000007420000 	/System/Library/Frameworks/ServiceManagement.framework/Versions/A/ServiceManagement
0x0000000007420000 	/usr/lib/libxslt.1.dylib
0x0000000007420000 	/System/Library/Frameworks/Carbon.framework/Versions/A/Frameworks/Ink.framework/Versions/A/Ink
0x0000000007420000 	/System/Library/Frameworks/QuartzCore.framework/Versions/A/Frameworks/CoreImage.framework/Versions/A/CoreImage
0x0000000007420000 	/System/Library/PrivateFrameworks/CrashReporterSupport.framework/Versions/A/CrashReporterSupport
0x0000000007420000 	/System/Library/Frameworks/OpenCL.framework/Versions/A/OpenCL
0x0000000007420000 	/System/Library/PrivateFrameworks/FaceCore.framework/Versions/A/FaceCore
0x0000000007420000 	/System/Library/PrivateFrameworks/Ubiquity.framework/Versions/A/Ubiquity
0x0000000007420000 	/System/Library/PrivateFrameworks/IconServices.framework/Versions/A/IconServices
0x0000000007420000 	/System/Library/PrivateFrameworks/ChunkingLibrary.framework/Versions/A/ChunkingLibrary
0x0000000007420000 	/System/Library/PrivateFrameworks/Apple80211.framework/Versions/A/Apple80211
0x0000000007420000 	/System/Library/Frameworks/CoreWLAN.framework/Versions/A/CoreWLAN
0x0000000007420000 	/System/Library/Frameworks/IOBluetooth.framework/Versions/A/IOBluetooth
0x0000000007420000 	/System/Library/PrivateFrameworks/CoreWiFi.framework/Versions/A/CoreWiFi
0x0000000007420000 	/System/Library/Frameworks/CoreBluetooth.framework/Versions/A/CoreBluetooth
0x0000000007420000 	/System/Library/PrivateFrameworks/DebugSymbols.framework/Versions/A/DebugSymbols
0x0000000007420000 	/System/Library/PrivateFrameworks/CoreSymbolication.framework/Versions/A/CoreSymbolication
0x0000000007420000 	/System/Library/PrivateFrameworks/Symbolication.framework/Versions/A/Symbolication
0x0000000007420000 	/System/Library/PrivateFrameworks/SpeechRecognitionCore.framework/Versions/A/SpeechRecognitionCore
0x000000010a800000 	/Library/Java/JavaVirtualMachines/jdk1.8.0_51.jdk/Contents/Home/jre/lib/server/libjvm.dylib
0x0000000007420000 	/usr/lib/libstdc++.6.dylib
0x0000000109f54000 	/Library/Java/JavaVirtualMachines/jdk1.8.0_51.jdk/Contents/Home/jre/lib/libverify.dylib
0x0000000109f62000 	/Library/Java/JavaVirtualMachines/jdk1.8.0_51.jdk/Contents/Home/jre/lib/libjava.dylib
0x0000000109fa1000 	/Library/Java/JavaVirtualMachines/jdk1.8.0_51.jdk/Contents/Home/jre/lib/libzip.dylib
0x0000000121791000 	/System/Library/Frameworks/JavaVM.framework/Frameworks/JavaRuntimeSupport.framework/JavaRuntimeSupport
0x00000001217ac000 	/System/Library/Frameworks/JavaVM.framework/Versions/A/Frameworks/JavaNativeFoundation.framework/Versions/A/JavaNativeFoundation
0x00000001217c1000 	/System/Library/Frameworks/JavaVM.framework/Versions/A/JavaVM
0x0000000007420000 	/System/Library/Frameworks/Carbon.framework/Versions/A/Carbon
0x00000001217ce000 	/System/Library/PrivateFrameworks/JavaLaunching.framework/Versions/A/JavaLaunching
0x0000000007420000 	/System/Library/Frameworks/Carbon.framework/Versions/A/Frameworks/CommonPanels.framework/Versions/A/CommonPanels
0x0000000007420000 	/System/Library/Frameworks/Carbon.framework/Versions/A/Frameworks/Help.framework/Versions/A/Help
0x0000000007420000 	/System/Library/Frameworks/Carbon.framework/Versions/A/Frameworks/ImageCapture.framework/Versions/A/ImageCapture
0x0000000007420000 	/System/Library/Frameworks/Carbon.framework/Versions/A/Frameworks/OpenScripting.framework/Versions/A/OpenScripting
0x0000000007420000 	/System/Library/Frameworks/Carbon.framework/Versions/A/Frameworks/Print.framework/Versions/A/Print
0x0000000007420000 	/System/Library/Frameworks/Carbon.framework/Versions/A/Frameworks/SecurityHI.framework/Versions/A/SecurityHI
0x0000000123898000 	/Library/Java/JavaVirtualMachines/jdk1.8.0_51.jdk/Contents/Home/jre/lib/libprism_es2.dylib
0x0000000007420000 	/System/Library/Frameworks/OpenGL.framework/Versions/A/Resources/GLEngine.bundle/GLEngine
0x0000000007420000 	/System/Library/Frameworks/OpenGL.framework/Versions/A/Libraries/libGLProgrammability.dylib
0x000000012391a000 	/System/Library/Extensions/AppleIntelBDWGraphicsGLDriver.bundle/Contents/MacOS/AppleIntelBDWGraphicsGLDriver
0x0000000007420000 	/System/Library/PrivateFrameworks/IOAccelerator.framework/Versions/A/IOAccelerator
0x0000000007420000 	/System/Library/PrivateFrameworks/GPUSupport.framework/Versions/A/Libraries/libGPUSupportMercury.dylib
0x0000000007420000 	/System/Library/Frameworks/OpenGL.framework/Versions/A/Resources/GLRendererFloat.bundle/GLRendererFloat
0x0000000007420000 	/System/Library/Frameworks/OpenCL.framework/Versions/A/Libraries/libcldcpuengine.dylib
0x0000000007420000 	/System/Library/PrivateFrameworks/DiskImages.framework/Versions/A/DiskImages
0x0000000007420000 	/System/Library/Frameworks/DiscRecording.framework/Versions/A/DiscRecording
0x0000000007420000 	/usr/lib/libcsfde.dylib
0x0000000007420000 	/usr/lib/libcurl.4.dylib
0x0000000007420000 	/System/Library/PrivateFrameworks/MediaKit.framework/Versions/A/MediaKit
0x0000000007420000 	/System/Library/PrivateFrameworks/ProtectedCloudStorage.framework/Versions/A/ProtectedCloudStorage
0x0000000007420000 	/usr/lib/libCoreStorage.dylib
0x0000000007420000 	/System/Library/PrivateFrameworks/EFILogin.framework/Versions/A/EFILogin
0x0000000007420000 	/usr/lib/libutil.dylib
0x0000000007420000 	/System/Library/PrivateFrameworks/FindMyDevice.framework/Versions/A/FindMyDevice
0x0000000007420000 	/System/Library/Frameworks/LDAP.framework/Versions/A/LDAP
0x0000000007420000 	/usr/lib/libsasl2.2.dylib
0x0000000007420000 	/System/Library/PrivateFrameworks/CoreDaemon.framework/Versions/B/CoreDaemon
0x0000000007420000 	/usr/lib/libcrypto.0.9.8.dylib
0x0000000007420000 	/System/Library/PrivateFrameworks/AppleSRP.framework/Versions/A/AppleSRP
0x0000000007420000 	/System/Library/PrivateFrameworks/TrustEvaluationAgent.framework/Versions/A/TrustEvaluationAgent
0x00000001243fd000 	/Library/Java/JavaVirtualMachines/jdk1.8.0_51.jdk/Contents/Home/jre/lib/libglass.dylib
0x0000000007420000 	/System/Library/PrivateFrameworks/CoreServicesInternal.framework/Versions/A/CoreServicesInternal
0x0000000007420000 	/System/Library/PrivateFrameworks/CloudDocs.framework/Versions/A/CloudDocs
0x0000000007420000 	/System/Library/PrivateFrameworks/CoreDuet.framework/Versions/A/CoreDuet
0x0000000007420000 	/System/Library/Frameworks/CloudKit.framework/Versions/A/CloudKit
0x0000000007420000 	/System/Library/PrivateFrameworks/ProtocolBuffer.framework/Versions/A/ProtocolBuffer
0x0000000007420000 	/System/Library/PrivateFrameworks/CoreDuetDaemonProtocol.framework/Versions/A/CoreDuetDaemonProtocol
0x0000000007420000 	/System/Library/PrivateFrameworks/CoreDuetDebugLogging.framework/Versions/A/CoreDuetDebugLogging
0x0000000007420000 	/System/Library/PrivateFrameworks/MMCS.framework/Versions/A/MMCS
0x0000000007420000 	/System/Library/Frameworks/CoreLocation.framework/Versions/A/CoreLocation
0x0000000007420000 	/System/Library/PrivateFrameworks/GeoServices.framework/Versions/A/GeoServices
0x0000000007420000 	/System/Library/Frameworks/CoreGraphics.framework/Versions/A/Resources/libCGCMS.A.dylib
0x0000000007420000 	/System/Library/CoreServices/RawCamera.bundle/Contents/MacOS/RawCamera
0x0000000007420000 	/System/Library/Frameworks/CoreGraphics.framework/Versions/A/Resources/libRIP.A.dylib
0x0000000007420000 	/System/Library/PrivateFrameworks/FamilyControls.framework/Versions/A/FamilyControls
0x0000000007420000 	/System/Library/PrivateFrameworks/CommerceKit.framework/Versions/A/Frameworks/CommerceCore.framework/Versions/A/CommerceCore
0x0000000007420000 	/System/Library/PrivateFrameworks/SystemAdministration.framework/Versions/A/SystemAdministration
0x0000000007420000 	/System/Library/PrivateFrameworks/AppContainer.framework/Versions/A/AppContainer
0x0000000007420000 	/System/Library/PrivateFrameworks/SecCodeWrapper.framework/Versions/A/SecCodeWrapper
0x0000000007420000 	/System/Library/Frameworks/DirectoryService.framework/Versions/A/DirectoryService
0x0000000007420000 	/System/Library/PrivateFrameworks/LoginUIKit.framework/Versions/A/Frameworks/LoginUICore.framework/Versions/A/LoginUICore
0x0000000007420000 	/usr/lib/libodfde.dylib
0x0000000128259000 	/Library/Java/JavaVirtualMachines/jdk1.8.0_51.jdk/Contents/Home/jre/lib/libjavafx_font.dylib
0x0000000007420000 	/System/Library/Frameworks/CoreGraphics.framework/Versions/A/Resources/libCGXType.A.dylib
0x000000012a64b000 	/Library/Java/JavaVirtualMachines/jdk1.8.0_51.jdk/Contents/Home/jre/lib/libosx.dylib
0x000000012a62b000 	/Library/Java/JavaVirtualMachines/jdk1.8.0_51.jdk/Contents/Home/jre/lib/./libosxapp.dylib
0x0000000007420000 	/System/Library/Frameworks/ExceptionHandling.framework/Versions/A/ExceptionHandling
0x0000000127f07000 	cl_kernels
0x000000012b54c000 	/System/Library/Frameworks/OpenCL.framework/Versions/A/Libraries/ImageFormats/unorm8_bgra.dylib
0x000000012a647000 	cl_kernels
0x000000012abca000 	/Library/Java/JavaVirtualMachines/jdk1.8.0_51.jdk/Contents/Home/jre/lib/libprism_common.dylib
0x0000000126022000 	/System/Library/Frameworks/Security.framework/PlugIns/csparser.bundle/Contents/MacOS/csparser
0x0000000007420000 	/System/Library/PrivateFrameworks/FinderKit.framework/Versions/A/FinderKit
0x0000000007420000 	/System/Library/PrivateFrameworks/Suggestions.framework/Versions/A/Suggestions
0x0000000007420000 	/System/Library/Frameworks/Quartz.framework/Versions/A/Frameworks/QuickLookUI.framework/Versions/A/QuickLookUI
0x0000000007420000 	/System/Library/Frameworks/Quartz.framework/Versions/A/Frameworks/ImageKit.framework/Versions/A/ImageKit
0x0000000007420000 	/System/Library/PrivateFrameworks/Bom.framework/Versions/A/Bom
0x0000000007420000 	/System/Library/Frameworks/QuickLook.framework/Versions/A/QuickLook
0x0000000007420000 	/System/Library/PrivateFrameworks/AppleSystemInfo.framework/Versions/A/AppleSystemInfo
0x0000000007420000 	/System/Library/Frameworks/ImageCaptureCore.framework/Versions/A/ImageCaptureCore
0x0000000007420000 	/System/Library/Frameworks/AddressBook.framework/Versions/A/AddressBook
0x0000000007420000 	/System/Library/PrivateFrameworks/IntlPreferences.framework/Versions/A/IntlPreferences
0x0000000007420000 	/System/Library/PrivateFrameworks/ToneLibrary.framework/Versions/A/ToneLibrary
0x0000000007420000 	/System/Library/PrivateFrameworks/ToneKit.framework/Versions/A/ToneKit
0x0000000007420000 	/System/Library/PrivateFrameworks/vCard.framework/Versions/A/vCard
0x0000000007420000 	/System/Library/PrivateFrameworks/ApplePushService.framework/Versions/A/ApplePushService
0x0000000007420000 	/System/Library/PrivateFrameworks/ContactsData.framework/Versions/A/ContactsData
0x0000000007420000 	/System/Library/PrivateFrameworks/ContactsFoundation.framework/Versions/A/ContactsFoundation
0x0000000007420000 	/System/Library/Frameworks/SecurityInterface.framework/Versions/A/SecurityInterface
0x0000000007420000 	/System/Library/PrivateFrameworks/PhoneNumbers.framework/Versions/A/PhoneNumbers
0x0000000007420000 	/System/Library/Frameworks/Quartz.framework/Versions/A/Quartz
0x0000000007420000 	/System/Library/Frameworks/AVFoundation.framework/Versions/A/AVFoundation
0x0000000007420000 	/System/Library/Frameworks/AVFoundation.framework/Versions/A/Resources/libAVFAudio.dylib
0x0000000007420000 	/System/Library/Frameworks/CoreMedia.framework/Versions/A/CoreMedia
0x0000000007420000 	/System/Library/Frameworks/MediaToolbox.framework/Versions/A/MediaToolbox
0x0000000007420000 	/System/Library/Frameworks/VideoToolbox.framework/Versions/A/VideoToolbox
0x0000000007420000 	/System/Library/Frameworks/CoreMediaIO.framework/Versions/A/CoreMediaIO
0x0000000007420000 	/System/Library/PrivateFrameworks/MediaControlSender.framework/Versions/A/MediaControlSender
0x0000000007420000 	/System/Library/PrivateFrameworks/CoreAVCHD.framework/Versions/A/CoreAVCHD
0x0000000007420000 	/System/Library/Frameworks/MediaAccessibility.framework/Versions/A/MediaAccessibility
0x0000000007420000 	/System/Library/PrivateFrameworks/Mangrove.framework/Versions/A/Mangrove
0x0000000007420000 	/System/Library/PrivateFrameworks/CoreAUC.framework/Versions/A/CoreAUC
0x0000000007420000 	/System/Library/PrivateFrameworks/NetworkStatistics.framework/Versions/A/NetworkStatistics
0x0000000007420000 	/System/Library/PrivateFrameworks/AirPlaySupport.framework/Versions/A/AirPlaySupport
0x0000000007420000 	/System/Library/PrivateFrameworks/CoreUtils.framework/Versions/A/CoreUtils
0x0000000007420000 	/System/Library/PrivateFrameworks/AppleVA.framework/Versions/A/AppleVA
0x0000000007420000 	/System/Library/PrivateFrameworks/XPCService.framework/Versions/A/XPCService
0x0000000007420000 	/System/Library/PrivateFrameworks/AppSandbox.framework/Versions/A/AppSandbox
0x0000000007420000 	/usr/lib/libsandbox.1.dylib
0x0000000007420000 	/usr/lib/libMatch.1.dylib
0x0000000007420000 	/System/Library/PrivateFrameworks/SafariServices.framework/Versions/A/SafariServices
0x0000000007420000 	/usr/lib/libspindump.dylib
0x0000000007420000 	/System/Library/Frameworks/QTKit.framework/Versions/A/QTKit
0x0000000007420000 	/System/Library/PrivateFrameworks/CoreMediaAuthoring.framework/Versions/A/CoreMediaAuthoring
0x0000000007420000 	/System/Library/Frameworks/Quartz.framework/Versions/A/Frameworks/QuartzComposer.framework/Versions/A/QuartzComposer
0x0000000007420000 	/System/Library/Frameworks/Quartz.framework/Versions/A/Frameworks/PDFKit.framework/Versions/A/PDFKit
0x0000000007420000 	/System/Library/Frameworks/Quartz.framework/Versions/A/Frameworks/QuartzFilters.framework/Versions/A/QuartzFilters
0x0000000007420000 	/System/Library/Frameworks/JavaScriptCore.framework/Versions/A/JavaScriptCore
0x0000000007420000 	/System/Library/PrivateFrameworks/CorePDF.framework/Versions/A/CorePDF
0x0000000007420000 	/System/Library/PrivateFrameworks/DisplayServices.framework/Versions/A/DisplayServices
0x0000000007420000 	/System/Library/PrivateFrameworks/AppleFSCompression.framework/Versions/A/AppleFSCompression
0x0000000125fe0000 	/System/Library/PrivateFrameworks/CacheDelete.framework/CacheDelete
0x0000000007420000 	/System/Library/PrivateFrameworks/PlugInKit.framework/Versions/A/PlugInKit
0x0000000007420000 	/System/Library/Frameworks/Accelerate.framework/Versions/A/Frameworks/vImage.framework/Versions/A/Libraries/libCGInterfaces.dylib
0x000000012627e000 	/usr/lib/libgermantok.dylib

VM Arguments:
jvm_args: -Dfile.encoding=UTF-8 
java_command: ch.makery.address.MainApp
java_class_path (initial): /Users/Jose/Desktop/GRADO SUPERIOR/workspace/JavaFX/bin:/Users/Jose/Desktop/Eclipse .app/Contents/Eclipse/plugins/org.eclipse.fx.ide.css.jfx8_2.0.0.201506111511.jar:/Users/Jose/Desktop/GRADO SUPERIOR/workspace/JavaFX/lib/controlsfx-8.0.6_20.jar:/Users/Jose/JavaFX Scene Builder 2.0.app/Contents/PlugIns/jdk1.8.0.jdk/Contents/Home/jre/lib/ext/jfxrt.jar
Launcher Type: SUN_STANDARD

Environment Variables:
PATH=/usr/bin:/bin:/usr/sbin:/sbin
SHELL=/bin/bash

Signal Handlers:
SIGSEGV: [libjvm.dylib+0x58ef35], sa_mask[0]=11111111011111110111111111111111, sa_flags=SA_ONSTACK|SA_RESTART|SA_SIGINFO
SIGBUS: [libjvm.dylib+0x58ef35], sa_mask[0]=11111111011111110111111111111111, sa_flags=SA_RESTART|SA_SIGINFO
SIGFPE: [libjvm.dylib+0x46c028], sa_mask[0]=11111111011111110111111111111111, sa_flags=SA_RESTART|SA_SIGINFO
SIGPIPE: [libjvm.dylib+0x46c028], sa_mask[0]=11111111011111110111111111111111, sa_flags=SA_RESTART|SA_SIGINFO
SIGXFSZ: [libjvm.dylib+0x46c028], sa_mask[0]=11111111011111110111111111111111, sa_flags=SA_RESTART|SA_SIGINFO
SIGILL: [libjvm.dylib+0x46c028], sa_mask[0]=11111111011111110111111111111111, sa_flags=SA_RESTART|SA_SIGINFO
SIGUSR1: SIG_DFL, sa_mask[0]=00000000000000000000000000000000, sa_flags=none
SIGUSR2: [libjvm.dylib+0x46bb46], sa_mask[0]=00100000000000000000000000000000, sa_flags=SA_RESTART|SA_SIGINFO
SIGHUP: [libjvm.dylib+0x46a119], sa_mask[0]=11111111011111110111111111111111, sa_flags=SA_RESTART|SA_SIGINFO
SIGINT: [libjvm.dylib+0x46a119], sa_mask[0]=11111111011111110111111111111111, sa_flags=SA_RESTART|SA_SIGINFO
SIGTERM: [libjvm.dylib+0x46a119], sa_mask[0]=11111111011111110111111111111111, sa_flags=SA_RESTART|SA_SIGINFO
SIGQUIT: [libjvm.dylib+0x46a119], sa_mask[0]=11111111011111110111111111111111, sa_flags=SA_RESTART|SA_SIGINFO


---------------  S Y S T E M  ---------------

OS:Bsduname:Darwin 14.5.0 Darwin Kernel Version 14.5.0: Tue Sep  1 21:23:09 PDT 2015; root:xnu-2782.50.1~1/RELEASE_X86_64 x86_64
rlimit: STACK 8192k, CORE 0k, NPROC 709, NOFILE 10240, AS infinity
load average:2.13 2.16 1.96

CPU:total 4 (2 cores per cpu, 2 threads per core) family 6 model 61 stepping 4, cmov, cx8, fxsr, mmx, sse, sse2, sse3, ssse3, sse4.1, sse4.2, popcnt, avx, avx2, aes, clmul, erms, 3dnowpref, lzcnt, ht, tsc, tscinvbit, bmi1, bmi2, adx

Memory: 4k page, physical 8388608k(357428k free)

/proc/meminfo:


vm_info: Java HotSpot(TM) 64-Bit Server VM (25.51-b03) for bsd-amd64 JRE (1.8.0_51-b16), built on Jun  8 2015 18:01:11 by "java_re" with gcc 4.2.1 (Based on Apple Inc. build 5658) (LLVM build 2336.11.00)

time: Fri Nov 20 18:43:00 2015
elapsed time: 549 seconds (0d 0h 9m 9s)

